[2024-01-30 16:01:12,131][pytorch_lightning.utilities.migration.utils][INFO] - Lightning automatically upgraded your loaded checkpoint from v1.8.1 to v2.1.3. To apply the upgrade to your files permanently, run `python -m pytorch_lightning.utilities.upgrade_checkpoint ../../../../../../u8/c/evanpan/.cache/4DHumans/logs/train/multiruns/hmr2/0/checkpoints/epoch=35-step=1000000.ckpt`
[2024-01-30 16:01:24,522][phalp.trackers.PHALP][INFO] - Loading Predictor model...
[2024-01-30 16:01:25,249][phalp.trackers.PHALP][INFO] - Loading Detection model...
[2024-01-30 16:01:46,346][detectron2.checkpoint.detection_checkpoint][INFO] - [DetectionCheckpointer] Loading from https://dl.fbaipublicfiles.com/detectron2/ViTDet/COCO/cascade_mask_rcnn_vitdet_h/f328730692/model_final_f05665.pkl ...
[2024-01-30 16:01:54,096][detectron2.checkpoint.detection_checkpoint][INFO] - [DetectionCheckpointer] Loading from https://dl.fbaipublicfiles.com/detectron2/COCO-InstanceSegmentation/mask_rcnn_X_101_32x8d_FPN_3x/139653917/model_final_2d9806.pkl ...
[2024-01-30 16:01:54,537][phalp.trackers.PHALP][INFO] - Setting up Visualizer...
[2024-01-30 16:02:01,796][phalp.utils.io][INFO] - Number of frames: 293
[2024-01-30 16:02:17,522][phalp.trackers.PHALP][INFO] - Setting up DeepSort...
[2024-01-30 16:02:17,524][phalp.trackers.PHALP][INFO] - Saving tracks at : ../4D-Humans_outputs//results/biggerspin1
[2024-01-30 16:19:39,599][pytorch_lightning.utilities.migration.utils][INFO] - Lightning automatically upgraded your loaded checkpoint from v1.8.1 to v2.1.3. To apply the upgrade to your files permanently, run `python -m pytorch_lightning.utilities.upgrade_checkpoint ../../../../../../u8/c/evanpan/.cache/4DHumans/logs/train/multiruns/hmr2/0/checkpoints/epoch=35-step=1000000.ckpt`
[2024-01-30 16:19:46,947][phalp.trackers.PHALP][INFO] - Loading Predictor model...
[2024-01-30 16:19:49,288][phalp.trackers.PHALP][INFO] - Loading Detection model...
[2024-01-30 16:20:01,866][detectron2.checkpoint.detection_checkpoint][INFO] - [DetectionCheckpointer] Loading from https://dl.fbaipublicfiles.com/detectron2/ViTDet/COCO/cascade_mask_rcnn_vitdet_h/f328730692/model_final_f05665.pkl ...
[2024-01-30 16:20:30,756][detectron2.checkpoint.detection_checkpoint][INFO] - [DetectionCheckpointer] Loading from https://dl.fbaipublicfiles.com/detectron2/COCO-InstanceSegmentation/mask_rcnn_X_101_32x8d_FPN_3x/139653917/model_final_2d9806.pkl ...
[2024-01-30 16:20:35,178][phalp.trackers.PHALP][INFO] - Setting up Visualizer...
[2024-01-30 16:20:37,481][phalp.utils.io][INFO] - Number of frames: 90
[2024-01-30 16:20:43,660][phalp.trackers.PHALP][INFO] - Setting up DeepSort...
[2024-01-30 16:20:43,662][phalp.trackers.PHALP][INFO] - Saving tracks at : ../4D-Humans_outputs//results/truck_stand12
[2024-02-04 17:41:26,380][pytorch_lightning.utilities.migration.utils][INFO] - Lightning automatically upgraded your loaded checkpoint from v1.8.1 to v2.1.3. To apply the upgrade to your files permanently, run `python -m pytorch_lightning.utilities.upgrade_checkpoint ../../../../../../u8/c/evanpan/.cache/4DHumans/logs/train/multiruns/hmr2/0/checkpoints/epoch=35-step=1000000.ckpt`
[2024-02-04 17:41:33,929][phalp.trackers.PHALP][INFO] - Loading Predictor model...
[2024-02-04 17:41:36,398][phalp.trackers.PHALP][INFO] - Loading Detection model...
[2024-02-04 17:41:49,775][detectron2.checkpoint.detection_checkpoint][INFO] - [DetectionCheckpointer] Loading from https://dl.fbaipublicfiles.com/detectron2/ViTDet/COCO/cascade_mask_rcnn_vitdet_h/f328730692/model_final_f05665.pkl ...
[2024-02-04 17:42:18,687][detectron2.checkpoint.detection_checkpoint][INFO] - [DetectionCheckpointer] Loading from https://dl.fbaipublicfiles.com/detectron2/COCO-InstanceSegmentation/mask_rcnn_X_101_32x8d_FPN_3x/139653917/model_final_2d9806.pkl ...
[2024-02-04 17:42:23,019][phalp.trackers.PHALP][INFO] - Setting up Visualizer...
[2024-02-04 17:42:25,499][phalp.utils.io][INFO] - Number of frames: 106
[2024-02-04 17:42:33,159][phalp.trackers.PHALP][INFO] - Setting up DeepSort...
[2024-02-04 17:42:33,161][phalp.trackers.PHALP][INFO] - Saving tracks at : ../4D-Humans_outputs//results/nc_bigger_huge_biggest
[2024-02-04 17:52:22,618][pytorch_lightning.utilities.migration.utils][INFO] - Lightning automatically upgraded your loaded checkpoint from v1.8.1 to v2.1.3. To apply the upgrade to your files permanently, run `python -m pytorch_lightning.utilities.upgrade_checkpoint ../../../../../../u8/c/evanpan/.cache/4DHumans/logs/train/multiruns/hmr2/0/checkpoints/epoch=35-step=1000000.ckpt`
[2024-02-04 17:52:29,586][phalp.trackers.PHALP][INFO] - Loading Predictor model...
[2024-02-04 17:52:29,919][phalp.trackers.PHALP][INFO] - Loading Detection model...
[2024-02-04 17:52:43,694][detectron2.checkpoint.detection_checkpoint][INFO] - [DetectionCheckpointer] Loading from https://dl.fbaipublicfiles.com/detectron2/ViTDet/COCO/cascade_mask_rcnn_vitdet_h/f328730692/model_final_f05665.pkl ...
[2024-02-04 17:52:48,412][detectron2.checkpoint.detection_checkpoint][INFO] - [DetectionCheckpointer] Loading from https://dl.fbaipublicfiles.com/detectron2/COCO-InstanceSegmentation/mask_rcnn_X_101_32x8d_FPN_3x/139653917/model_final_2d9806.pkl ...
[2024-02-04 17:52:48,763][phalp.trackers.PHALP][INFO] - Setting up Visualizer...
[2024-02-04 17:52:50,933][phalp.utils.io][INFO] - Number of frames: 90
[2024-02-04 17:52:56,930][phalp.trackers.PHALP][INFO] - Setting up DeepSort...
[2024-02-04 17:52:56,932][phalp.trackers.PHALP][INFO] - Saving tracks at : ../4D-Humans_outputs//results/truck_stand12
[2024-02-04 18:08:11,569][pytorch_lightning.utilities.migration.utils][INFO] - Lightning automatically upgraded your loaded checkpoint from v1.8.1 to v2.1.3. To apply the upgrade to your files permanently, run `python -m pytorch_lightning.utilities.upgrade_checkpoint ../../../../../../u8/c/evanpan/.cache/4DHumans/logs/train/multiruns/hmr2/0/checkpoints/epoch=35-step=1000000.ckpt`
[2024-02-04 18:08:18,143][phalp.trackers.PHALP][INFO] - Loading Predictor model...
[2024-02-04 18:08:18,515][phalp.trackers.PHALP][INFO] - Loading Detection model...
[2024-02-04 18:08:31,881][detectron2.checkpoint.detection_checkpoint][INFO] - [DetectionCheckpointer] Loading from https://dl.fbaipublicfiles.com/detectron2/ViTDet/COCO/cascade_mask_rcnn_vitdet_h/f328730692/model_final_f05665.pkl ...
[2024-02-04 18:08:36,375][detectron2.checkpoint.detection_checkpoint][INFO] - [DetectionCheckpointer] Loading from https://dl.fbaipublicfiles.com/detectron2/COCO-InstanceSegmentation/mask_rcnn_X_101_32x8d_FPN_3x/139653917/model_final_2d9806.pkl ...
[2024-02-04 18:08:36,714][phalp.trackers.PHALP][INFO] - Setting up Visualizer...
[2024-02-04 18:08:38,897][phalp.utils.io][INFO] - Number of frames: 52
[2024-02-04 18:08:42,395][phalp.trackers.PHALP][INFO] - Setting up DeepSort...
[2024-02-04 18:08:42,397][phalp.trackers.PHALP][INFO] - Saving tracks at : ../4D-Humans_outputs//results/biggerspin123
[2024-02-04 18:11:56,348][pytorch_lightning.utilities.migration.utils][INFO] - Lightning automatically upgraded your loaded checkpoint from v1.8.1 to v2.1.3. To apply the upgrade to your files permanently, run `python -m pytorch_lightning.utilities.upgrade_checkpoint ../../../../../../u8/c/evanpan/.cache/4DHumans/logs/train/multiruns/hmr2/0/checkpoints/epoch=35-step=1000000.ckpt`
[2024-02-04 18:12:02,903][phalp.trackers.PHALP][INFO] - Loading Predictor model...
[2024-02-04 18:12:03,305][phalp.trackers.PHALP][INFO] - Loading Detection model...
[2024-02-04 18:12:15,152][detectron2.checkpoint.detection_checkpoint][INFO] - [DetectionCheckpointer] Loading from https://dl.fbaipublicfiles.com/detectron2/ViTDet/COCO/cascade_mask_rcnn_vitdet_h/f328730692/model_final_f05665.pkl ...
[2024-02-04 18:12:19,527][detectron2.checkpoint.detection_checkpoint][INFO] - [DetectionCheckpointer] Loading from https://dl.fbaipublicfiles.com/detectron2/COCO-InstanceSegmentation/mask_rcnn_X_101_32x8d_FPN_3x/139653917/model_final_2d9806.pkl ...
[2024-02-04 18:12:19,834][phalp.trackers.PHALP][INFO] - Setting up Visualizer...
[2024-02-04 18:12:21,948][phalp.utils.io][INFO] - Number of frames: 42
[2024-02-04 18:12:24,740][phalp.trackers.PHALP][INFO] - Setting up DeepSort...
[2024-02-04 18:12:24,742][phalp.trackers.PHALP][INFO] - Saving tracks at : ../4D-Humans_outputs//results/fs_bigspin123
